<?xml version="1.0" encoding="UTF-8"?>
<!-- Generated by org.testng.reporters.JUnitReportReporter -->
<testsuite hostname="DESKTOP-BUCIRH0" failures="0" tests="1" name="com.test.Testingg" time="16.190" errors="0" timestamp="2023-11-16T19:32:44 IST" skipped="0">
  <testcase classname="com.test.Testingg" name="launch" time="16.190"/>
  <system-out/>
</testsuite> <!-- com.test.Testingg -->
