<?xml version="1.0" encoding="UTF-8"?>
<!-- Generated by org.testng.reporters.JUnitReportReporter -->
<testsuite hostname="DESKTOP-BUCIRH0" failures="0" tests="1" name="org.data.Testings" time="42.131" errors="0" timestamp="2023-11-21T21:02:03 IST" skipped="0">
  <testcase classname="org.data.Testings" name="testCases" time="42.131"/>
  <system-out/>
</testsuite> <!-- org.data.Testings -->
