<?xml version="1.0" encoding="UTF-8"?>
<!-- Generated by org.testng.reporters.JUnitReportReporter -->
<testsuite hostname="DESKTOP-BUCIRH0" failures="0" tests="1" name="org.data.NykaApp" time="29.237" errors="0" timestamp="2023-11-21T19:32:59 IST" skipped="0">
  <testcase classname="org.data.NykaApp" name="Launch" time="29.237"/>
  <system-out/>
</testsuite> <!-- org.data.NykaApp -->
